
2024-04-03 01:23:17,006 -     INFO: Program wurde mit Fehlern generiert:The inputLine of the Event 'SignalTrigger' needs to be a string, like 'Pin2'The value of the Event 'SignalTrigger' needs to be Boolean, like True/False.The inputLine of the Event 'SignalTrigger' needs to be a string, like 'Pin2'The value of the Event 'SignalTrigger' needs to be Boolean, like True/False.
2024-04-03 14:12:41,267 -     INFO: Program wurde mit Fehlern generiert:The postion: (1,4,0) of the 'Device': KameraOben is not unique.The name of the 'Device': KameraOben is not unique.The postion: (0,3,0) of the 'Device': Lichtschranke is not unique.The name of the 'Device': Lichtschranke is not unique.The name of the 'Device': Kabel_1 is not unique.The line of the 'Device': Kabel_1 needs to be a String.
2024-04-03 14:12:52,971 -     INFO: Program wurde mit Fehlern generiert:The postion: (1,4,0) of the 'Device': KameraOben is not unique.The name of the 'Device': KameraOben is not unique.The postion: (0,3,0) of the 'Device': Lichtschranke is not unique.The name of the 'Device': Lichtschranke is not unique.The name of the 'Device': Kabel_1 is not unique.The line of the 'Device': Kabel_1 needs to be a String.
2024-04-03 14:13:07,865 -     INFO: Program wurde mit Fehlern generiert:The postion: (1,4,0) of the 'Device': KameraOben is not unique.The name of the 'Device': KameraOben is not unique.The referenced 'Event': PhotoCaptures is not defined.The postion: (0,3,0) of the 'Device': Lichtschranke is not unique.The name of the 'Device': Lichtschranke is not unique.The name of the 'Device': Kabel_1 is not unique.The line of the 'Device': Kabel_1 needs to be a String.
2024-04-03 14:18:23,038 -     INFO: Program wurde mit Fehlern generiert:The line of the 'Device': Kabel_1 needs to be a String.
2024-04-03 14:19:30,504 -     INFO: Program wurde mit Fehlern generiert:The line of the 'Device': Kabel_1 needs to be a String.
2024-04-03 14:20:18,714 -     INFO: Program wurde mit Fehlern generiert:The line of the 'Device': Kabel_1 needs to be a String.
2024-04-03 14:21:51,448 -     INFO: Program wurde erfolgreich generiert
2024-04-03 14:23:09,309 -     INFO: Program wurde erfolgreich generiert
2024-04-03 18:22:19,083 -     INFO: Program wurde erfolgreich generiert
2024-04-03 18:23:13,314 -     INFO: Program wurde erfolgreich generiert
2024-04-03 18:23:55,984 -     INFO: Program wurde mit Fehlern generiert:The name of the 'Event': PhotoCapture is not unique.
2024-04-03 18:24:13,506 -     INFO: Program wurde erfolgreich generiert
2024-04-03 18:24:26,226 -     INFO: Program wurde erfolgreich generiert
2024-04-03 18:28:49,652 -     INFO: Program wurde erfolgreich generiert
2024-04-03 18:29:01,231 -     INFO: Program wurde erfolgreich generiert
2024-04-03 18:29:15,580 -     INFO: Program wurde erfolgreich generiert
2024-04-03 18:31:50,332 -     INFO: Program wurde erfolgreich generiert
2024-04-03 18:34:01,338 -     INFO: Program wurde erfolgreich generiert
2024-04-03 18:35:21,024 -     INFO: Program wurde erfolgreich generiert
2024-04-03 18:38:14,817 -     INFO: Program wurde erfolgreich generiert
2024-04-03 19:05:16,283 -     INFO: Program wurde erfolgreich generiert
2024-04-07 14:59:58,024 -     INFO: Program wurde erfolgreich generiert
2024-04-07 15:00:49,341 -     INFO: Program wurde erfolgreich generiert
2024-04-07 16:16:25,008 -     INFO: Program wurde mit Fehlern generiert:The value of the Event 'SignalTrigger' needs to be Boolean, like True/False.The value of the Event 'SignalTrigger' needs to be Boolean, like True/False.
2024-04-07 16:20:17,739 -     INFO: Program wurde mit Fehlern generiert:The value of the Event 'SignalTrigger' needs to be Boolean, like True/False.The value of the Event 'SignalTrigger' needs to be Boolean, like True/False.
2024-04-07 16:20:30,364 -     INFO: Program wurde mit Fehlern generiert:The value of the Event 'SignalTrigger' needs to be Boolean, like True/False.The value of the Event 'SignalTrigger' needs to be Boolean, like True/False.
2024-04-07 16:20:47,854 -     INFO: Program wurde mit Fehlern generiert:The value of the Event 'SignalTrigger' needs to be Boolean, like True/False.The value of the Event 'SignalTrigger' needs to be Boolean, like True/False.
2024-04-07 16:22:35,983 -     INFO: Program wurde mit Fehlern generiert:The value of the Event 'SignalTrigger' needs to be Boolean, like True/False.The value of the Event 'SignalTrigger' needs to be Boolean, like True/False.
2024-04-07 16:23:00,970 -     INFO: Program wurde mit Fehlern generiert:The value of the Event 'SignalTrigger' needs to be Boolean, like True/False.The value of the Event 'SignalTrigger' needs to be Boolean, like True/False.
2024-04-07 16:23:18,840 -     INFO: Program wurde mit Fehlern generiert:The value of the Event 'SignalTrigger' needs to be Boolean, like True/False.The value of the Event 'SignalTrigger' needs to be Boolean, like True/False.
2024-04-07 16:23:35,855 -     INFO: Program wurde mit Fehlern generiert:The value of the Event 'SignalTrigger' needs to be Boolean, like True/False.The value of the Event 'SignalTrigger' needs to be Boolean, like True/False.
2024-04-07 16:43:12,597 -     INFO: Program wurde mit Fehlern generiert:The value of the Event 'SignalTrigger' needs to be Boolean, like True/False.The value of the Event 'SignalTrigger' needs to be Boolean, like True/False.
2024-04-07 16:44:18,398 -     INFO: Program wurde erfolgreich generiert
2024-04-07 16:45:06,181 -     INFO: Program wurde erfolgreich generiert
2024-04-07 16:45:25,357 -     INFO: Program wurde erfolgreich generiert
2024-04-07 16:45:42,730 -     INFO: Program wurde erfolgreich generiert
2024-04-07 16:46:27,909 -     INFO: Program wurde erfolgreich generiert
2024-04-07 16:46:37,086 -     INFO: Program wurde erfolgreich generiert
2024-04-07 19:00:20,787 -     INFO: Program wurde erfolgreich generiert
2024-04-07 19:05:36,183 -     INFO: Program wurde erfolgreich generiert
2024-04-07 19:09:06,632 -     INFO: Program wurde erfolgreich generiert
2024-04-07 19:10:55,493 -     INFO: Program wurde mit Fehlern generiert:The receiverDevice: KameraObens in the function 'SendData' is not defined.
2024-04-07 19:11:02,173 -     INFO: Program wurde erfolgreich generiert
2024-04-08 14:46:37,837 -     INFO: Program wurde erfolgreich generiert
2024-04-08 14:48:26,637 -     INFO: Program wurde erfolgreich generiert
2024-04-08 14:52:59,090 -     INFO: Program wurde mit Fehlern generiert:The referenced 'Event': None is not defined.
2024-04-08 14:59:56,628 -     INFO: Program wurde erfolgreich generiert
2024-04-08 15:00:12,066 -     INFO: Program wurde erfolgreich generiert
2024-04-08 15:00:58,157 -     INFO: Program wurde erfolgreich generiert
2024-04-08 15:02:52,193 -     INFO: Program wurde mit Fehlern generiert:The referenced 'Event': None is not defined.
2024-04-08 15:06:46,032 -     INFO: Program wurde erfolgreich generiert
2024-04-08 15:07:43,214 -     INFO: Program wurde erfolgreich generiert
2024-04-08 22:56:07,529 -     INFO: Program wurde erfolgreich generiert
2024-04-08 22:57:28,395 -     INFO: Program wurde erfolgreich generiert
2024-04-08 23:02:55,266 -     INFO: Program wurde erfolgreich generiert
2024-04-08 23:07:18,543 -     INFO: Program wurde erfolgreich generiert
2024-04-08 23:16:56,857 -     INFO: Program wurde erfolgreich generiert
2024-04-09 00:23:06,781 -     INFO: Program wurde erfolgreich generiert
2024-04-09 00:40:48,452 -     INFO: Program wurde mit Fehlern generiert:The postion: (1,4,0) of the 'Device': KameraUnten is not unique.The name of the 'Device': KameraUnten is not unique.Connection-firstDevice: KameraObener is not defined.Connection-secondDevice: KameraObener is not defined.Connection, connected devices cant't be the same: KameraObener.The transmitterDevice: KameraObener in the function 'ReceiveData' is not defined.
2024-04-09 00:57:46,307 -     INFO: Program wurde mit Fehlern generiert:The name of the 'Device': KameraUnten is not unique.Connection-firstDevice: KameraObener is not defined.Connection-secondDevice: KameraObener is not defined.Connection, connected devices cant't be the same: KameraObener.The transmitterDevice: KameraObener in the function 'ReceiveData' is not defined.
2024-04-09 00:57:56,190 -     INFO: Program wurde mit Fehlern generiert:Connection-firstDevice: KameraObener is not defined.Connection-secondDevice: KameraObener is not defined.Connection, connected devices cant't be the same: KameraObener.The transmitterDevice: KameraObener in the function 'ReceiveData' is not defined.
2024-04-09 00:58:14,523 -     INFO: Program wurde mit Fehlern generiert:The transmitterDevice: KameraObener in the function 'ReceiveData' is not defined.
2024-04-09 00:58:23,013 -     INFO: Program wurde erfolgreich generiert
2024-04-09 01:03:05,173 -     INFO: Program wurde erfolgreich generiert
2024-04-09 01:15:17,741 -     INFO: Program wurde erfolgreich generiert
2024-04-09 11:42:24,551 -     INFO: Program wurde erfolgreich generiert
2024-04-09 11:42:47,564 -     INFO: Program wurde erfolgreich generiert
2024-04-09 11:51:30,761 -     INFO: Program wurde erfolgreich generiert
2024-04-09 11:54:29,538 -     INFO: Program wurde erfolgreich generiert
2024-04-09 11:56:28,243 -     INFO: Program wurde erfolgreich generiert
2024-04-09 11:57:30,598 -     INFO: Program wurde erfolgreich generiert
2024-04-09 11:58:22,031 -     INFO: Program wurde erfolgreich generiert
2024-04-09 12:00:42,155 -     INFO: Program wurde erfolgreich generiert
2024-04-09 12:02:33,293 -     INFO: Program wurde erfolgreich generiert
2024-04-09 12:15:34,253 -     INFO: Program wurde erfolgreich generiert
2024-04-09 12:21:31,695 -     INFO: Program wurde mit Fehlern generiert:The referenced 'Event': WaitToPhotos is not defined.
2024-04-09 12:21:49,686 -     INFO: Program wurde erfolgreich generiert
2024-04-09 12:28:13,633 -     INFO: Program wurde erfolgreich generiert
2024-04-09 17:02:06,455 -     INFO: Program wurde erfolgreich generiert
2024-04-09 17:18:22,653 -     INFO: Program wurde erfolgreich generiert
2024-04-09 17:19:57,858 -     INFO: Program wurde erfolgreich generiert
2024-04-09 17:27:30,111 -     INFO: Program wurde erfolgreich generiert
2024-04-09 17:30:21,508 -     INFO: Program wurde erfolgreich generiert
2024-04-09 17:31:57,277 -     INFO: Program wurde erfolgreich generiert
